[14288] debug @0.000024> [hit #9]Executing INSERT query INSERT INTO "users" ("name","category","id") VALUES (?,?,?) with params Bob,user,42 in /home/davidp/dev/git/Dancer-Plugin-Database/blib/lib/Dancer/Plugin/Database/Handle.pm l. 161
[14288] debug @0.052174> [hit #11]Executing SELECT query SELECT * FROM "users"  WHERE "id"=? LIMIT 1 with params 42 in /home/davidp/dev/git/Dancer-Plugin-Database/blib/lib/Dancer/Plugin/Database/Handle.pm l. 161
[14288] debug @0.066797> [hit #11] in t/lib/TestApp.pm l. 65
[14288] debug @0.214763> [hit #12]Executing SELECT query SELECT * FROM "users"  WHERE "id"=? LIMIT 1 with params 69 in /home/davidp/dev/git/Dancer-Plugin-Database/blib/lib/Dancer/Plugin/Database/Handle.pm l. 161
[14288] debug @0.218689> [hit #12] in t/lib/TestApp.pm l. 65
[14288] debug @0.249713> [hit #13]Executing SELECT query SELECT * FROM "users"  WHERE "category"=? with params admin in /home/davidp/dev/git/Dancer-Plugin-Database/blib/lib/Dancer/Plugin/Database/Handle.pm l. 161
[14288] debug @0.254618> [hit #13][{ category => "admin", id => 1, name => "sukria" }] in t/lib/TestApp.pm l. 72
[14288] debug @0.291430> [hit #14]Executing UPDATE query UPDATE "users" SET "name"=? WHERE "id"=? with params Billy,42 in /home/davidp/dev/git/Dancer-Plugin-Database/blib/lib/Dancer/Plugin/Database/Handle.pm l. 161
[14288] debug @0.357164> [hit #16]Executing DELETE query DELETE FROM "users"  WHERE "id"=? with params 42 in /home/davidp/dev/git/Dancer-Plugin-Database/blib/lib/Dancer/Plugin/Database/Handle.pm l. 161
[16531] debug @0.000024> [hit #9]Executing INSERT query INSERT INTO "users" ("name","category","id") VALUES (?,?,?) with params Bob,user,42 in /home/davidp/dev/git/Dancer-Plugin-Database/blib/lib/Dancer/Plugin/Database/Handle.pm l. 161
[16531] debug @0.017614> [hit #11]Executing SELECT query SELECT * FROM "users"  WHERE "id"=? LIMIT 1 with params 42 in /home/davidp/dev/git/Dancer-Plugin-Database/blib/lib/Dancer/Plugin/Database/Handle.pm l. 161
[16531] debug @0.022946> [hit #11] in t/lib/TestApp.pm l. 66
[16531] debug @0.080416> [hit #12]Executing SELECT query SELECT * FROM "users"  WHERE "id"=? LIMIT 1 with params 69 in /home/davidp/dev/git/Dancer-Plugin-Database/blib/lib/Dancer/Plugin/Database/Handle.pm l. 161
[16531] debug @0.085337> [hit #12] in t/lib/TestApp.pm l. 66
[16531] debug @0.098236> [hit #13]Executing SELECT query SELECT * FROM "users"  WHERE "category"=? with params admin in /home/davidp/dev/git/Dancer-Plugin-Database/blib/lib/Dancer/Plugin/Database/Handle.pm l. 161
[16531] debug @0.103729> [hit #13][
  { category => "admin", id => 1, name => "sukria" },
  { category => "admin", id => 2, name => "bigpresh" },
] in t/lib/TestApp.pm l. 73
[16531] debug @0.112073> [hit #14]Executing UPDATE query UPDATE "users" SET "name"=? WHERE "id"=? with params Billy,42 in /home/davidp/dev/git/Dancer-Plugin-Database/blib/lib/Dancer/Plugin/Database/Handle.pm l. 161
[16531] debug @0.135829> [hit #16]Executing DELETE query DELETE FROM "users"  WHERE "id"=? with params 42 in /home/davidp/dev/git/Dancer-Plugin-Database/blib/lib/Dancer/Plugin/Database/Handle.pm l. 161
[16849] debug @0.000025> [hit #9]Executing INSERT query INSERT INTO "users" ("name","category","id") VALUES (?,?,?) with params Bob,user,42 in /home/davidp/dev/git/Dancer-Plugin-Database/blib/lib/Dancer/Plugin/Database/Handle.pm l. 161
[16849] debug @0.026043> [hit #11]Executing SELECT query SELECT * FROM "users"  WHERE "id"=? LIMIT 1 with params 42 in /home/davidp/dev/git/Dancer-Plugin-Database/blib/lib/Dancer/Plugin/Database/Handle.pm l. 161
[16849] debug @0.033328> [hit #11] in t/lib/TestApp.pm l. 66
[16849] debug @0.102596> [hit #12]Executing SELECT query SELECT * FROM "users"  WHERE "id"=? LIMIT 1 with params 69 in /home/davidp/dev/git/Dancer-Plugin-Database/blib/lib/Dancer/Plugin/Database/Handle.pm l. 161
[16849] debug @0.109685> [hit #12] in t/lib/TestApp.pm l. 66
[16849] debug @0.124989> [hit #13]Executing SELECT query SELECT * FROM "users"  WHERE "category"=? with params admin in /home/davidp/dev/git/Dancer-Plugin-Database/blib/lib/Dancer/Plugin/Database/Handle.pm l. 161
[16849] debug @0.134764> [hit #13][
  { category => "admin", id => 1, name => "sukria" },
  { category => "admin", id => 2, name => "bigpresh" },
] in t/lib/TestApp.pm l. 73
[16849] debug @0.148209> [hit #14]Executing UPDATE query UPDATE "users" SET "name"=? WHERE "id"=? with params Billy,42 in /home/davidp/dev/git/Dancer-Plugin-Database/blib/lib/Dancer/Plugin/Database/Handle.pm l. 161
[16849] debug @0.177084> [hit #16]Executing DELETE query DELETE FROM "users"  WHERE "id"=? with params 42 in /home/davidp/dev/git/Dancer-Plugin-Database/blib/lib/Dancer/Plugin/Database/Handle.pm l. 161
[16879] debug @0.000023> [hit #9]Executing INSERT query INSERT INTO "users" ("name","category","id") VALUES (?,?,?) with params Bob,user,42 in /home/davidp/dev/git/Dancer-Plugin-Database/blib/lib/Dancer/Plugin/Database/Handle.pm l. 161
[16879] debug @0.024021> [hit #11]Executing SELECT query SELECT * FROM "users"  WHERE "id"=? LIMIT 1 with params 42 in /home/davidp/dev/git/Dancer-Plugin-Database/blib/lib/Dancer/Plugin/Database/Handle.pm l. 161
[16879] debug @0.072774> [hit #11] in t/lib/TestApp.pm l. 66
[16879] debug @0.153737> [hit #12]Executing SELECT query SELECT * FROM "users"  WHERE "id"=? LIMIT 1 with params 69 in /home/davidp/dev/git/Dancer-Plugin-Database/blib/lib/Dancer/Plugin/Database/Handle.pm l. 161
[16879] debug @0.156360> [hit #12] in t/lib/TestApp.pm l. 66
[16879] debug @0.163524> [hit #13]Executing SELECT query SELECT * FROM "users"  WHERE "category"=? with params admin in /home/davidp/dev/git/Dancer-Plugin-Database/blib/lib/Dancer/Plugin/Database/Handle.pm l. 161
[16879] debug @0.170020> [hit #13][
  { category => "admin", id => 1, name => "sukria" },
  { category => "admin", id => 2, name => "bigpresh" },
] in t/lib/TestApp.pm l. 73
[16879] debug @0.182652> [hit #14]Executing UPDATE query UPDATE "users" SET "name"=? WHERE "id"=? with params Billy,42 in /home/davidp/dev/git/Dancer-Plugin-Database/blib/lib/Dancer/Plugin/Database/Handle.pm l. 161
[16879] debug @0.213506> [hit #16]Executing DELETE query DELETE FROM "users"  WHERE "id"=? with params 42 in /home/davidp/dev/git/Dancer-Plugin-Database/blib/lib/Dancer/Plugin/Database/Handle.pm l. 161
[19894] debug @0.000026> [hit #9]Executing INSERT query INSERT INTO "users" ("name","category","id") VALUES (?,?,?) with params Bob,user,42 in /home/davidp/dev/git/Dancer-Plugin-Database/blib/lib/Dancer/Plugin/Database/Handle.pm l. 161
[19894] debug @0.057338> [hit #11]Executing SELECT query SELECT * FROM "users"  WHERE "id"=? LIMIT 1 with params 42 in /home/davidp/dev/git/Dancer-Plugin-Database/blib/lib/Dancer/Plugin/Database/Handle.pm l. 161
[19894] debug @0.231893> [hit #12]Executing SELECT query SELECT * FROM "users"  WHERE "id"=? LIMIT 1 with params 69 in /home/davidp/dev/git/Dancer-Plugin-Database/blib/lib/Dancer/Plugin/Database/Handle.pm l. 161
[19894] debug @0.247143> [hit #13]Executing SELECT query SELECT * FROM "users"  WHERE "category"=? with params admin in /home/davidp/dev/git/Dancer-Plugin-Database/blib/lib/Dancer/Plugin/Database/Handle.pm l. 161
[19894] debug @0.262257> [hit #14]Executing UPDATE query UPDATE "users" SET "name"=? WHERE "id"=? with params Billy,42 in /home/davidp/dev/git/Dancer-Plugin-Database/blib/lib/Dancer/Plugin/Database/Handle.pm l. 161
[19894] debug @0.286694> [hit #16]Executing DELETE query DELETE FROM "users"  WHERE "id"=? with params 42 in /home/davidp/dev/git/Dancer-Plugin-Database/blib/lib/Dancer/Plugin/Database/Handle.pm l. 161
[28985] debug @0.000026> [hit #9]Executing INSERT query INSERT INTO "users" ("name","category","id") VALUES (?,?,?) with params Bob,user,42 in /home/davidp/dev/git/Dancer-Plugin-Database/blib/lib/Dancer/Plugin/Database/Handle.pm l. 161
[28985] debug @0.041046> [hit #11]Executing SELECT query SELECT * FROM "users"  WHERE "id"=? LIMIT 1 with params 42 in /home/davidp/dev/git/Dancer-Plugin-Database/blib/lib/Dancer/Plugin/Database/Handle.pm l. 161
[28985] debug @1.514486> [hit #12]Executing SELECT query SELECT * FROM "users"  WHERE "id"=? LIMIT 1 with params 69 in /home/davidp/dev/git/Dancer-Plugin-Database/blib/lib/Dancer/Plugin/Database/Handle.pm l. 161
[28985] debug @1.551671> [hit #13]Executing SELECT query SELECT * FROM "users"  WHERE "category"=? with params admin in /home/davidp/dev/git/Dancer-Plugin-Database/blib/lib/Dancer/Plugin/Database/Handle.pm l. 161
[28985] debug @1.561192> [hit #14]Executing UPDATE query UPDATE "users" SET "name"=? WHERE "id"=? with params Billy,42 in /home/davidp/dev/git/Dancer-Plugin-Database/blib/lib/Dancer/Plugin/Database/Handle.pm l. 161
[28985] debug @1.579688> [hit #16]Executing DELETE query DELETE FROM "users"  WHERE "id"=? with params 42 in /home/davidp/dev/git/Dancer-Plugin-Database/blib/lib/Dancer/Plugin/Database/Handle.pm l. 161
[31522] debug @0.000025> [hit #9]Executing INSERT query INSERT INTO "users" ("name","category","id") VALUES (?,?,?) with params Bob,user,42 in /home/davidp/dev/git/Dancer-Plugin-Database/blib/lib/Dancer/Plugin/Database/Handle.pm l. 161
[31522] debug @0.052317> [hit #11]Executing SELECT query SELECT * FROM "users"  WHERE "id"=? LIMIT 1 with params 42 in /home/davidp/dev/git/Dancer-Plugin-Database/blib/lib/Dancer/Plugin/Database/Handle.pm l. 161
[31522] debug @0.186310> [hit #12]Executing SELECT query SELECT * FROM "users"  WHERE "id"=? LIMIT 1 with params 69 in /home/davidp/dev/git/Dancer-Plugin-Database/blib/lib/Dancer/Plugin/Database/Handle.pm l. 161
[31522] debug @0.202156> [hit #13]Executing SELECT query SELECT * FROM "users"  WHERE "category"=? with params admin in /home/davidp/dev/git/Dancer-Plugin-Database/blib/lib/Dancer/Plugin/Database/Handle.pm l. 161
[31522] debug @0.221065> [hit #14]Executing UPDATE query UPDATE "users" SET "name"=? WHERE "id"=? with params Billy,42 in /home/davidp/dev/git/Dancer-Plugin-Database/blib/lib/Dancer/Plugin/Database/Handle.pm l. 161
[31522] debug @0.247605> [hit #16]Executing DELETE query DELETE FROM "users"  WHERE "id"=? with params 42 in /home/davidp/dev/git/Dancer-Plugin-Database/blib/lib/Dancer/Plugin/Database/Handle.pm l. 161
[31595] debug @0.000025> [hit #9]Executing INSERT query INSERT INTO "users" ("name","category","id") VALUES (?,?,?) with params Bob,user,42 in /home/davidp/dev/git/Dancer-Plugin-Database/blib/lib/Dancer/Plugin/Database/Handle.pm l. 161
[31595] debug @0.030757> [hit #11]Executing SELECT query SELECT * FROM "users"  WHERE "id"=? LIMIT 1 with params 42 in /home/davidp/dev/git/Dancer-Plugin-Database/blib/lib/Dancer/Plugin/Database/Handle.pm l. 161
[31595] debug @0.086276> [hit #12]Executing SELECT query SELECT * FROM "users"  WHERE "id"=? LIMIT 1 with params 69 in /home/davidp/dev/git/Dancer-Plugin-Database/blib/lib/Dancer/Plugin/Database/Handle.pm l. 161
[31595] debug @0.135980> [hit #13]Executing SELECT query SELECT * FROM "users"  WHERE "category"=? with params admin in /home/davidp/dev/git/Dancer-Plugin-Database/blib/lib/Dancer/Plugin/Database/Handle.pm l. 161
[31595] debug @0.152638> [hit #14]Executing UPDATE query UPDATE "users" SET "name"=? WHERE "id"=? with params Billy,42 in /home/davidp/dev/git/Dancer-Plugin-Database/blib/lib/Dancer/Plugin/Database/Handle.pm l. 161
[31595] debug @0.178967> [hit #16]Executing DELETE query DELETE FROM "users"  WHERE "id"=? with params 42 in /home/davidp/dev/git/Dancer-Plugin-Database/blib/lib/Dancer/Plugin/Database/Handle.pm l. 161
[16085] debug @0.000024> [hit #9]Executing INSERT query INSERT INTO "users" ("name","category","id") VALUES (?,?,?) with params Bob,user,42 in /home/davidp/dev/git/Dancer-Plugin-Database/blib/lib/Dancer/Plugin/Database/Handle.pm l. 161
[16085] debug @0.027861> [hit #11]Executing SELECT query SELECT * FROM "users"  WHERE "id"=? LIMIT 1 with params 42 in /home/davidp/dev/git/Dancer-Plugin-Database/blib/lib/Dancer/Plugin/Database/Handle.pm l. 161
[16085] debug @0.151352> [hit #12]Executing SELECT query SELECT * FROM "users"  WHERE "id"=? LIMIT 1 with params 69 in /home/davidp/dev/git/Dancer-Plugin-Database/blib/lib/Dancer/Plugin/Database/Handle.pm l. 161
[16085] debug @0.158825> [hit #13]Executing SELECT query SELECT * FROM "users"  WHERE "category"=? with params admin in /home/davidp/dev/git/Dancer-Plugin-Database/blib/lib/Dancer/Plugin/Database/Handle.pm l. 161
[16085] debug @0.166481> [hit #14]Executing UPDATE query UPDATE "users" SET "name"=? WHERE "id"=? with params Billy,42 in /home/davidp/dev/git/Dancer-Plugin-Database/blib/lib/Dancer/Plugin/Database/Handle.pm l. 161
[16085] debug @0.178520> [hit #16]Executing DELETE query DELETE FROM "users"  WHERE "id"=? with params 42 in /home/davidp/dev/git/Dancer-Plugin-Database/blib/lib/Dancer/Plugin/Database/Handle.pm l. 161
[24550] debug @0.000024> [hit #9]Executing INSERT query INSERT INTO "users" ("name","category","id") VALUES (?,?,?) with params Bob,user,42 in /home/davidp/dev/git/Dancer-Plugin-Database/blib/lib/Dancer/Plugin/Database/Handle.pm l. 161
[24550] debug @0.022105> [hit #11]Executing SELECT query SELECT * FROM "users"  WHERE "id"=? LIMIT 1 with params 42 in /home/davidp/dev/git/Dancer-Plugin-Database/blib/lib/Dancer/Plugin/Database/Handle.pm l. 161
[24550] debug @0.099969> [hit #12]Executing SELECT query SELECT * FROM "users"  WHERE "id"=? LIMIT 1 with params 69 in /home/davidp/dev/git/Dancer-Plugin-Database/blib/lib/Dancer/Plugin/Database/Handle.pm l. 161
[24550] debug @0.107234> [hit #13]Executing SELECT query SELECT * FROM "users"  WHERE "category"=? with params admin in /home/davidp/dev/git/Dancer-Plugin-Database/blib/lib/Dancer/Plugin/Database/Handle.pm l. 161
[24550] debug @0.114273> [hit #14]Executing UPDATE query UPDATE "users" SET "name"=? WHERE "id"=? with params Billy,42 in /home/davidp/dev/git/Dancer-Plugin-Database/blib/lib/Dancer/Plugin/Database/Handle.pm l. 161
[24550] debug @0.126317> [hit #16]Executing DELETE query DELETE FROM "users"  WHERE "id"=? with params 42 in /home/davidp/dev/git/Dancer-Plugin-Database/blib/lib/Dancer/Plugin/Database/Handle.pm l. 161
